<?xml version="1.0" encoding="UTF-8"?>
<!-- Generated by org.testng.reporters.JUnitXMLReporter -->
<testsuite ignored="0" hostname="LAPTOP-TUN1U03P" failures="0" tests="4" name="Add Customer Test" time="12.98" errors="0" timestamp="26 Dec 2023 16:55:39 GMT">
  <testcase classname="com.w2a.testcases.AddCustomerTest" name="addCustomerTest" time="4.473"/>
  <testcase classname="com.w2a.testcases.AddCustomerTest" name="addCustomerTest" time="0.001">
    <skipped/>
  </testcase> <!-- addCustomerTest -->
  <testcase classname="com.w2a.testcases.AddCustomerTest" name="addCustomerTest" time="4.237"/>
  <testcase classname="com.w2a.testcases.AddCustomerTest" name="addCustomerTest" time="4.243"/>
</testsuite> <!-- Add Customer Test -->
